<html>
<head>
<title>TestNG:  Default test</title>
<link href="../testng.css" rel="stylesheet" type="text/css" />
<link href="../my-testng.css" rel="stylesheet" type="text/css" />

<style type="text/css">
.log { display: none;} 
.stack-trace { display: none;} 
</style>
<script type="text/javascript">
<!--
function flip(e) {
  current = e.style.display;
  if (current == 'block') {
    e.style.display = 'none';
    return 0;
  }
  else {
    e.style.display = 'block';
    return 1;
  }
}

function toggleBox(szDivId, elem, msg1, msg2)
{
  var res = -1;  if (document.getElementById) {
    res = flip(document.getElementById(szDivId));
  }
  else if (document.all) {
    // this is the way old msie versions work
    res = flip(document.all[szDivId]);
  }
  if(elem) {
    if(res == 0) elem.innerHTML = msg1; else elem.innerHTML = msg2;
  }

}

function toggleAllBoxes() {
  if (document.getElementsByTagName) {
    d = document.getElementsByTagName('div');
    for (i = 0; i < d.length; i++) {
      if (d[i].className == 'log') {
        flip(d[i]);
      }
    }
  }
}

// -->
</script>

</head>
<body>
<h2 align='center'>Default test</h2><table border='1' align="center">
<tr>
<td>Tests passed/Failed/Skipped:</td><td>3/1/0</td>
</tr><tr>
<td>Started on:</td><td>Thu Feb 13 19:43:18 IST 2020</td>
</tr>
<tr><td>Total time:</td><td>84 seconds (84795 ms)</td>
</tr><tr>
<td>Included groups:</td><td></td>
</tr><tr>
<td>Excluded groups:</td><td></td>
</tr>
</table><p/>
<small><i>(Hover the method name to see the test class name)</i></small><p/>
<table width='100%' border='1' class='invocation-failed'>
<tr><td colspan='4' align='center'><b>FAILED TESTS</b></td></tr>
<tr><td><b>Test method</b></td>
<td width="30%"><b>Exception</b></td>
<td width="10%"><b>Time (seconds)</b></td>
<td><b>Instance</b></td>
</tr>
<tr>
<td title='projects.fox.tests.foxaitest.test_tour_cashweekly()'><b>test_tour_cashweekly</b><br>Test class: projects.fox.tests.foxaitest<br>Test method: Cash Weekly Data<br>Parameters: {TestData2=$4,272.2, TestData1=$3,977.0, TestName=test_tour_cashweekly, TestData5=$100, TestData4=$284.6, TestData3=89.7%}<br/>
<a href="#Output-681639276" onClick='toggleBox("Output-681639276", this, "Show output", "Hide output");'>Show output</a>

<a href="#Output-681639276" onClick="toggleAllBoxes();">Show all outputs</a>
<div class='log' id="Output-681639276">
Tour Cash weekly Icon Found<br /><br/>
[assertEquals]: Expected [$3,977.0] Actual [$3,977.0]<br/>
CY Booked value Verified<br /><br/>
[assertEquals]: Expected [$4,272.2] Actual [$4,272.2]<br/>
Current Forecast Total value Verified<br /><br/>
[assertEquals]: Expected [89.7%] Actual [89.7%]<br/>
PY Booked Percentage value Verified<br /><br/>
[assertEquals]: Expected [$284.6] Actual [$284.6]<br/>
Total Ad Sales Velocity value Verified<br /><br/>
Assertion failed: expected [$100] but found [$100.0]<br/>
Assertion failed: expected [$100] but found [$100.0]<br /><br/>
</div>
</td>
<td><div><pre>java.lang.AssertionError: expected [$100] but found [$100.0]
	at org.testng.Assert.fail(Assert.java:97)
	at org.testng.Assert.assertEqualsImpl(Assert.java:136)
	at org.testng.Assert.assertEquals(Assert.java:118)
	at org.testng.Assert.assertEquals(Assert.java:563)
	at com.baseproject.base.BaseTest.assertEquals(BaseTest.java:261)
	at projects.fox.tests.foxaitest.test_tour_cashweekly(foxaitest.java:58)
	at sun.reflect.NativeMethodAccessorImpl.invoke0(Native Method)
	at sun.reflect.NativeMethodAccessorImpl.invoke(Unknown Source)
	at sun.reflect.DelegatingMethodAccessorImpl.invoke(Unknown Source)
	at java.lang.reflect.Method.invoke(Unknown Source)
	at org.testng.internal.MethodInvocationHelper.invokeMethod(MethodInvocationHelper.java:133)
	at org.testng.internal.TestInvoker.invokeMethod(TestInvoker.java:584)
	at org.testng.internal.TestInvoker.invokeTestMethod(TestInvoker.java:172)
	at org.testng.internal.MethodRunner.runInSequence(MethodRunner.java:46)
	at org.testng.internal.TestInvoker$MethodInvocationAgent.invoke(TestInvoker.java:804)
	at org.testng.internal.TestInvoker.invokeTestMethods(TestInvoker.java:145)
	at org.testng.internal.TestMethodWorker.invokeTestMethods(TestMethodWorker.java:146)
	at org.testng.internal.TestMethodWorker.run(TestMethodWorker.java:128)
	at java.util.ArrayList.forEach(Unknown Source)
	at org.testng.TestRunner.privateRun(TestRunner.java:770)
	at org.testng.TestRunner.run(TestRunner.java:591)
	at org.testng.SuiteRunner.runTest(SuiteRunner.java:402)
	at org.testng.SuiteRunner.runSequentially(SuiteRunner.java:396)
	at org.testng.SuiteRunner.privateRun(SuiteRunner.java:355)
	at org.testng.SuiteRunner.run(SuiteRunner.java:304)
	at org.testng.SuiteRunnerWorker.runSuite(SuiteRunnerWorker.java:53)
	at org.testng.SuiteRunnerWorker.run(SuiteRunnerWorker.java:96)
	at org.testng.TestNG.runSuitesSequentially(TestNG.java:1180)
	at org.testng.TestNG.runSuitesLocally(TestNG.java:1102)
	at org.testng.TestNG.runSuites(TestNG.java:1032)
	at org.testng.TestNG.run(TestNG.java:1000)
	at org.testng.remote.AbstractRemoteTestNG.run(AbstractRemoteTestNG.java:115)
	at org.testng.remote.RemoteTestNG.initAndRun(RemoteTestNG.java:251)
	at org.testng.remote.RemoteTestNG.main(RemoteTestNG.java:77)
</pre></div><a href='#' onClick='toggleBox("stack-trace681639276", this, "Click to show all stack frames", "Click to hide stack frames")'>Click to show all stack frames</a>
<div class='stack-trace' id='stack-trace681639276'><pre>java.lang.AssertionError: expected [$100] but found [$100.0]
	at org.testng.Assert.fail(Assert.java:97)
	at org.testng.Assert.assertEqualsImpl(Assert.java:136)
	at org.testng.Assert.assertEquals(Assert.java:118)
	at org.testng.Assert.assertEquals(Assert.java:563)
	at com.baseproject.base.BaseTest.assertEquals(BaseTest.java:261)
	at projects.fox.tests.foxaitest.test_tour_cashweekly(foxaitest.java:58)
	at sun.reflect.NativeMethodAccessorImpl.invoke0(Native Method)
	at sun.reflect.NativeMethodAccessorImpl.invoke(Unknown Source)
	at sun.reflect.DelegatingMethodAccessorImpl.invoke(Unknown Source)
	at java.lang.reflect.Method.invoke(Unknown Source)
	at org.testng.internal.MethodInvocationHelper.invokeMethod(MethodInvocationHelper.java:133)
	at org.testng.internal.TestInvoker.invokeMethod(TestInvoker.java:584)
	at org.testng.internal.TestInvoker.invokeTestMethod(TestInvoker.java:172)
	at org.testng.internal.MethodRunner.runInSequence(MethodRunner.java:46)
	at org.testng.internal.TestInvoker$MethodInvocationAgent.invoke(TestInvoker.java:804)
	at org.testng.internal.TestInvoker.invokeTestMethods(TestInvoker.java:145)
	at org.testng.internal.TestMethodWorker.invokeTestMethods(TestMethodWorker.java:146)
	at org.testng.internal.TestMethodWorker.run(TestMethodWorker.java:128)
	at java.util.ArrayList.forEach(Unknown Source)
	at org.testng.TestRunner.privateRun(TestRunner.java:770)
	at org.testng.TestRunner.run(TestRunner.java:591)
	at org.testng.SuiteRunner.runTest(SuiteRunner.java:402)
	at org.testng.SuiteRunner.runSequentially(SuiteRunner.java:396)
	at org.testng.SuiteRunner.privateRun(SuiteRunner.java:355)
	at org.testng.SuiteRunner.run(SuiteRunner.java:304)
	at org.testng.SuiteRunnerWorker.runSuite(SuiteRunnerWorker.java:53)
	at org.testng.SuiteRunnerWorker.run(SuiteRunnerWorker.java:96)
	at org.testng.TestNG.runSuitesSequentially(TestNG.java:1180)
	at org.testng.TestNG.runSuitesLocally(TestNG.java:1102)
	at org.testng.TestNG.runSuites(TestNG.java:1032)
	at org.testng.TestNG.run(TestNG.java:1000)
	at org.testng.remote.AbstractRemoteTestNG.run(AbstractRemoteTestNG.java:115)
	at org.testng.remote.RemoteTestNG.initAndRun(RemoteTestNG.java:251)
	at org.testng.remote.RemoteTestNG.main(RemoteTestNG.java:77)
</pre></div></td>
<td>17</td>
<td>projects.fox.tests.foxaitest@60285225</td></tr>
</table><p>
<table width='100%' border='1' class='invocation-passed'>
<tr><td colspan='4' align='center'><b>PASSED TESTS</b></td></tr>
<tr><td><b>Test method</b></td>
<td width="30%"><b>Exception</b></td>
<td width="10%"><b>Time (seconds)</b></td>
<td><b>Instance</b></td>
</tr>
<tr>
<td title='projects.fox.tests.foxaitest.test_target_audience_builder()'><b>test_target_audience_builder</b><br>Test class: projects.fox.tests.foxaitest<br/>
<a href="#Output-1027200" onClick='toggleBox("Output-1027200", this, "Show output", "Hide output");'>Show output</a>

<a href="#Output-1027200" onClick="toggleAllBoxes();">Show all outputs</a>
<div class='log' id="Output-1027200">
Target Audience Builder Icon Found<br /><br/>
</div>
</td>
<td></td>
<td>12</td>
<td>projects.fox.tests.foxaitest@60285225</td></tr>
<tr>
<td title='projects.fox.tests.foxaitest.test_tour_inventory()'><b>test_tour_inventory</b><br>Test class: projects.fox.tests.foxaitest<br/>
<a href="#Output-817054343" onClick='toggleBox("Output-817054343", this, "Show output", "Hide output");'>Show output</a>

<a href="#Output-817054343" onClick="toggleAllBoxes();">Show all outputs</a>
<div class='log' id="Output-817054343">
Tour Inventory Icon Found<br /><br/>
</div>
</td>
<td></td>
<td>13</td>
<td>projects.fox.tests.foxaitest@60285225</td></tr>
<tr>
<td title='projects.fox.tests.foxaitest.test_tour_revenue()'><b>test_tour_revenue</b><br>Test class: projects.fox.tests.foxaitest<br/>
<a href="#Output-1556461159" onClick='toggleBox("Output-1556461159", this, "Show output", "Hide output");'>Show output</a>

<a href="#Output-1556461159" onClick="toggleAllBoxes();">Show all outputs</a>
<div class='log' id="Output-1556461159">
Tour Revenue Icon Found<br /><br/>
</div>
</td>
<td></td>
<td>30</td>
<td>projects.fox.tests.foxaitest@60285225</td></tr>
</table><p>
</body>
</html>